This file contains any messages produced by compilers while
running configure, to aid debugging if configure makes a mistake.

It was created by FULL-PACKAGE-NAME configure VERSION, which was
generated by GNU Autoconf 2.71.  Invocation command line was

  $ ./configure --no-create --no-recursion

## --------- ##
## Platform. ##
## --------- ##

hostname = nodokaha-nixos
uname -m = x86_64
uname -r = 5.15.108
uname -s = Linux
uname -v = #1-NixOS SMP Thu Apr 20 10:13:57 UTC 2023

/usr/bin/uname -p = unknown
/bin/uname -X     = unknown

/bin/arch              = unknown
/usr/bin/arch -k       = unknown
/usr/convex/getsysinfo = unknown
/usr/bin/hostinfo      = unknown
/bin/machine           = unknown
/usr/bin/oslevel       = unknown
/bin/universe          = unknown

PATH: /run/wrappers/bin/
PATH: /home/nodokaha/.local/share/flatpak/exports/bin/
PATH: /var/lib/flatpak/exports/bin/
PATH: /home/nodokaha/.nix-profile/bin/
PATH: /etc/profiles/per-user/nodokaha/bin/
PATH: /nix/var/nix/profiles/default/bin/
PATH: /run/current-system/sw/bin/
PATH: /home/nodokaha/.cargo/bin/


## ----------- ##
## Core tests. ##
## ----------- ##

configure:2367: looking for aux files: missing install-sh compile
configure:2380:  trying ./
configure:2409:   ./missing found
configure:2391:   ./install-sh found
configure:2409:   ./compile found
configure:2587: checking for gcc
configure:2608: found /run/current-system/sw/bin/gcc
configure:2619: result: gcc
configure:2972: checking for C compiler version
configure:2981: gcc --version >&5
gcc (GCC) 11.3.0
Copyright (C) 2021 Free Software Foundation, Inc.
This is free software; see the source for copying conditions.  There is NO
warranty; not even for MERCHANTABILITY or FITNESS FOR A PARTICULAR PURPOSE.

configure:2992: $? = 0
configure:2981: gcc -v >&5
Using built-in specs.
COLLECT_GCC=/nix/store/wy4ywjsch9q2hj5lphqjdg9p2kf7w0ls-gcc-11.3.0/bin/gcc
COLLECT_LTO_WRAPPER=/nix/store/wy4ywjsch9q2hj5lphqjdg9p2kf7w0ls-gcc-11.3.0/libexec/gcc/x86_64-unknown-linux-gnu/11.3.0/lto-wrapper
Target: x86_64-unknown-linux-gnu
Configured with: 
Thread model: posix
Supported LTO compression algorithms: zlib
gcc version 11.3.0 (GCC) 
configure:2992: $? = 0
configure:2981: gcc -V >&5
gcc: error: unrecognized command-line option '-V'
gcc: fatal error: no input files
compilation terminated.
configure:2992: $? = 1
configure:2981: gcc -qversion >&5
gcc: error: unrecognized command-line option '-qversion'; did you mean '--version'?
gcc: fatal error: no input files
compilation terminated.
configure:2992: $? = 1
configure:2981: gcc -version >&5
gcc: error: unrecognized command-line option '-version'
gcc: fatal error: no input files
compilation terminated.
configure:2992: $? = 1
configure:3012: checking whether the C compiler works
configure:3034: gcc    conftest.c  >&5
configure:3038: $? = 0
configure:3088: result: yes
configure:3091: checking for C compiler default output file name
configure:3093: result: a.out
configure:3099: checking for suffix of executables
configure:3106: gcc -o conftest    conftest.c  >&5
configure:3110: $? = 0
configure:3133: result: 
configure:3155: checking whether we are cross compiling
configure:3163: gcc -o conftest    conftest.c  >&5
configure:3167: $? = 0
configure:3174: ./conftest
configure:3178: $? = 0
configure:3193: result: no
configure:3198: checking for suffix of object files
configure:3221: gcc -c   conftest.c >&5
configure:3225: $? = 0
configure:3247: result: o
configure:3251: checking whether the compiler supports GNU C
configure:3271: gcc -c   conftest.c >&5
configure:3271: $? = 0
configure:3281: result: yes
configure:3292: checking whether gcc accepts -g
configure:3313: gcc -c -g  conftest.c >&5
configure:3313: $? = 0
configure:3357: result: yes
configure:3377: checking for gcc option to enable C11 features
configure:3392: gcc  -c -g -O2  conftest.c >&5
configure:3392: $? = 0
configure:3410: result: none needed
configure:3531: checking whether gcc understands -c and -o together
configure:3554: gcc -c conftest.c -o conftest2.o
configure:3557: $? = 0
configure:3554: gcc -c conftest.c -o conftest2.o
configure:3557: $? = 0
configure:3569: result: yes
configure:3601: checking for a BSD-compatible install
configure:3674: result: /run/current-system/sw/bin/install -c
configure:3687: checking whether build environment is sane
configure:3742: result: yes
configure:3897: checking for a race-free mkdir -p
configure:3941: result: /run/current-system/sw/bin/mkdir -p
configure:3948: checking for gawk
configure:3969: found /run/current-system/sw/bin/gawk
configure:3980: result: gawk
configure:3991: checking whether make sets $(MAKE)
configure:4014: result: yes
configure:4036: checking whether make supports the include directive
configure:4051: make -f confmf.GNU && cat confinc.out
make[1]: Entering directory '/home/nodokaha/parser/src/unicode-c'
make[1]: Leaving directory '/home/nodokaha/parser/src/unicode-c'
this is the am__doit target
configure:4054: $? = 0
configure:4073: result: yes (GNU style)
configure:4108: checking whether make supports nested variables
configure:4126: result: yes
configure:4207: checking dependency style of gcc
configure:4319: result: gcc3
configure:4401: checking for stdio.h
configure:4401: gcc -c -g -O2  conftest.c >&5
configure:4401: $? = 0
configure:4401: result: yes
configure:4401: checking for stdlib.h
configure:4401: gcc -c -g -O2  conftest.c >&5
configure:4401: $? = 0
configure:4401: result: yes
configure:4401: checking for string.h
configure:4401: gcc -c -g -O2  conftest.c >&5
configure:4401: $? = 0
configure:4401: result: yes
configure:4401: checking for inttypes.h
configure:4401: gcc -c -g -O2  conftest.c >&5
configure:4401: $? = 0
configure:4401: result: yes
configure:4401: checking for stdint.h
configure:4401: gcc -c -g -O2  conftest.c >&5
configure:4401: $? = 0
configure:4401: result: yes
configure:4401: checking for strings.h
configure:4401: gcc -c -g -O2  conftest.c >&5
configure:4401: $? = 0
configure:4401: result: yes
configure:4401: checking for sys/stat.h
configure:4401: gcc -c -g -O2  conftest.c >&5
configure:4401: $? = 0
configure:4401: result: yes
configure:4401: checking for sys/types.h
configure:4401: gcc -c -g -O2  conftest.c >&5
configure:4401: $? = 0
configure:4401: result: yes
configure:4401: checking for unistd.h
configure:4401: gcc -c -g -O2  conftest.c >&5
configure:4401: $? = 0
configure:4401: result: yes
configure:4426: checking for stdint.h
configure:4426: result: yes
configure:4435: checking for int32_t
configure:4435: gcc -c -g -O2  conftest.c >&5
configure:4435: $? = 0
configure:4435: gcc -c -g -O2  conftest.c >&5
conftest.c: In function 'main':
conftest.c:55:67: warning: integer overflow in expression of type 'int' results in '-2147483648' [-Woverflow]
   55 |                  < (int32_t) (((((int32_t) 1 << N) << N) - 1) * 2 + 2))];
      |                                                                   ^
conftest.c:54:12: error: storage size of 'test_array' isn't constant
   54 | static int test_array [1 - 2 * !((int32_t) (((((int32_t) 1 << N) << N) - 1) * 2 + 1)
      |            ^~~~~~~~~~
configure:4435: $? = 1
configure: failed program was:
| /* confdefs.h */
| #define PACKAGE_NAME "FULL-PACKAGE-NAME"
| #define PACKAGE_TARNAME "full-package-name"
| #define PACKAGE_VERSION "VERSION"
| #define PACKAGE_STRING "FULL-PACKAGE-NAME VERSION"
| #define PACKAGE_BUGREPORT "BUG-REPORT-ADDRESS"
| #define PACKAGE_URL ""
| #define PACKAGE "full-package-name"
| #define VERSION "VERSION"
| #define HAVE_STDIO_H 1
| #define HAVE_STDLIB_H 1
| #define HAVE_STRING_H 1
| #define HAVE_INTTYPES_H 1
| #define HAVE_STDINT_H 1
| #define HAVE_STRINGS_H 1
| #define HAVE_SYS_STAT_H 1
| #define HAVE_SYS_TYPES_H 1
| #define HAVE_UNISTD_H 1
| #define STDC_HEADERS 1
| #define HAVE_STDINT_H 1
| /* end confdefs.h.  */
| #include <stddef.h>
| #ifdef HAVE_STDIO_H
| # include <stdio.h>
| #endif
| #ifdef HAVE_STDLIB_H
| # include <stdlib.h>
| #endif
| #ifdef HAVE_STRING_H
| # include <string.h>
| #endif
| #ifdef HAVE_INTTYPES_H
| # include <inttypes.h>
| #endif
| #ifdef HAVE_STDINT_H
| # include <stdint.h>
| #endif
| #ifdef HAVE_STRINGS_H
| # include <strings.h>
| #endif
| #ifdef HAVE_SYS_TYPES_H
| # include <sys/types.h>
| #endif
| #ifdef HAVE_SYS_STAT_H
| # include <sys/stat.h>
| #endif
| #ifdef HAVE_UNISTD_H
| # include <unistd.h>
| #endif
| 	        enum { N = 32 / 2 - 1 };
| int
| main (void)
| {
| static int test_array [1 - 2 * !((int32_t) (((((int32_t) 1 << N) << N) - 1) * 2 + 1)
| 		 < (int32_t) (((((int32_t) 1 << N) << N) - 1) * 2 + 2))];
| test_array [0] = 0;
| return test_array [0];
| 
|   ;
|   return 0;
| }
configure:4435: result: yes
configure:4444: checking for size_t
configure:4444: gcc -c -g -O2  conftest.c >&5
configure:4444: $? = 0
configure:4444: gcc -c -g -O2  conftest.c >&5
conftest.c: In function 'main':
conftest.c:53:21: error: expected expression before ')' token
   53 | if (sizeof ((size_t)))
      |                     ^
configure:4444: $? = 1
configure: failed program was:
| /* confdefs.h */
| #define PACKAGE_NAME "FULL-PACKAGE-NAME"
| #define PACKAGE_TARNAME "full-package-name"
| #define PACKAGE_VERSION "VERSION"
| #define PACKAGE_STRING "FULL-PACKAGE-NAME VERSION"
| #define PACKAGE_BUGREPORT "BUG-REPORT-ADDRESS"
| #define PACKAGE_URL ""
| #define PACKAGE "full-package-name"
| #define VERSION "VERSION"
| #define HAVE_STDIO_H 1
| #define HAVE_STDLIB_H 1
| #define HAVE_STRING_H 1
| #define HAVE_INTTYPES_H 1
| #define HAVE_STDINT_H 1
| #define HAVE_STRINGS_H 1
| #define HAVE_SYS_STAT_H 1
| #define HAVE_SYS_TYPES_H 1
| #define HAVE_UNISTD_H 1
| #define STDC_HEADERS 1
| #define HAVE_STDINT_H 1
| /* end confdefs.h.  */
| #include <stddef.h>
| #ifdef HAVE_STDIO_H
| # include <stdio.h>
| #endif
| #ifdef HAVE_STDLIB_H
| # include <stdlib.h>
| #endif
| #ifdef HAVE_STRING_H
| # include <string.h>
| #endif
| #ifdef HAVE_INTTYPES_H
| # include <inttypes.h>
| #endif
| #ifdef HAVE_STDINT_H
| # include <stdint.h>
| #endif
| #ifdef HAVE_STRINGS_H
| # include <strings.h>
| #endif
| #ifdef HAVE_SYS_TYPES_H
| # include <sys/types.h>
| #endif
| #ifdef HAVE_SYS_STAT_H
| # include <sys/stat.h>
| #endif
| #ifdef HAVE_UNISTD_H
| # include <unistd.h>
| #endif
| int
| main (void)
| {
| if (sizeof ((size_t)))
| 	    return 0;
|   ;
|   return 0;
| }
configure:4444: result: yes
configure:4454: checking for uint32_t
configure:4454: gcc -c -g -O2  conftest.c >&5
configure:4454: $? = 0
configure:4454: result: yes
configure:4466: checking for uint8_t
configure:4466: gcc -c -g -O2  conftest.c >&5
configure:4466: $? = 0
configure:4466: result: yes
configure:4584: checking that generated files are newer than configure
configure:4590: result: done
configure:4613: creating ./config.status

## ---------------- ##
## Cache variables. ##
## ---------------- ##

ac_cv_c_compiler_gnu=yes
ac_cv_c_int32_t=yes
ac_cv_c_uint32_t=yes
ac_cv_c_uint8_t=yes
ac_cv_env_CC_set=
ac_cv_env_CC_value=
ac_cv_env_CFLAGS_set=
ac_cv_env_CFLAGS_value=
ac_cv_env_CPPFLAGS_set=
ac_cv_env_CPPFLAGS_value=
ac_cv_env_LDFLAGS_set=
ac_cv_env_LDFLAGS_value=
ac_cv_env_LIBS_set=
ac_cv_env_LIBS_value=
ac_cv_env_build_alias_set=
ac_cv_env_build_alias_value=
ac_cv_env_host_alias_set=
ac_cv_env_host_alias_value=
ac_cv_env_target_alias_set=
ac_cv_env_target_alias_value=
ac_cv_header_inttypes_h=yes
ac_cv_header_stdint_h=yes
ac_cv_header_stdio_h=yes
ac_cv_header_stdlib_h=yes
ac_cv_header_string_h=yes
ac_cv_header_strings_h=yes
ac_cv_header_sys_stat_h=yes
ac_cv_header_sys_types_h=yes
ac_cv_header_unistd_h=yes
ac_cv_objext=o
ac_cv_path_install='/run/current-system/sw/bin/install -c'
ac_cv_path_mkdir=/run/current-system/sw/bin/mkdir
ac_cv_prog_AWK=gawk
ac_cv_prog_ac_ct_CC=gcc
ac_cv_prog_cc_c11=
ac_cv_prog_cc_g=yes
ac_cv_prog_cc_stdc=
ac_cv_prog_make_make_set=yes
ac_cv_type_size_t=yes
am_cv_CC_dependencies_compiler_type=gcc3
am_cv_make_support_nested_variables=yes
am_cv_prog_cc_c_o=yes

## ----------------- ##
## Output variables. ##
## ----------------- ##

ACLOCAL='${SHELL} '\''/home/nodokaha/parser/src/unicode-c/missing'\'' aclocal-1.16'
AMDEPBACKSLASH='\'
AMDEP_FALSE='#'
AMDEP_TRUE=''
AMTAR='$${TAR-tar}'
AM_BACKSLASH='\'
AM_DEFAULT_V='$(AM_DEFAULT_VERBOSITY)'
AM_DEFAULT_VERBOSITY='1'
AM_V='$(V)'
AUTOCONF='${SHELL} '\''/home/nodokaha/parser/src/unicode-c/missing'\'' autoconf'
AUTOHEADER='${SHELL} '\''/home/nodokaha/parser/src/unicode-c/missing'\'' autoheader'
AUTOMAKE='${SHELL} '\''/home/nodokaha/parser/src/unicode-c/missing'\'' automake-1.16'
AWK='gawk'
CC='gcc'
CCDEPMODE='depmode=gcc3'
CFLAGS='-g -O2'
CPPFLAGS=''
CSCOPE='cscope'
CTAGS='ctags'
CYGPATH_W='echo'
DEFS='-DHAVE_CONFIG_H'
DEPDIR='.deps'
ECHO_C=''
ECHO_N='-n'
ECHO_T=''
ETAGS='etags'
EXEEXT=''
INSTALL_DATA='${INSTALL} -m 644'
INSTALL_PROGRAM='${INSTALL}'
INSTALL_SCRIPT='${INSTALL}'
INSTALL_STRIP_PROGRAM='$(install_sh) -c -s'
LDFLAGS=''
LIBOBJS=''
LIBS=''
LTLIBOBJS=''
MAKEINFO='${SHELL} '\''/home/nodokaha/parser/src/unicode-c/missing'\'' makeinfo'
MKDIR_P='/run/current-system/sw/bin/mkdir -p'
OBJEXT='o'
PACKAGE='full-package-name'
PACKAGE_BUGREPORT='BUG-REPORT-ADDRESS'
PACKAGE_NAME='FULL-PACKAGE-NAME'
PACKAGE_STRING='FULL-PACKAGE-NAME VERSION'
PACKAGE_TARNAME='full-package-name'
PACKAGE_URL=''
PACKAGE_VERSION='VERSION'
PATH_SEPARATOR=':'
SET_MAKE=''
SHELL='/bin/sh'
STRIP=''
VERSION='VERSION'
ac_ct_CC='gcc'
am__EXEEXT_FALSE=''
am__EXEEXT_TRUE='#'
am__fastdepCC_FALSE='#'
am__fastdepCC_TRUE=''
am__include='include'
am__isrc=''
am__leading_dot='.'
am__nodep='_no'
am__quote=''
am__tar='$${TAR-tar} chof - "$$tardir"'
am__untar='$${TAR-tar} xf -'
bindir='${exec_prefix}/bin'
build_alias=''
datadir='${datarootdir}'
datarootdir='${prefix}/share'
docdir='${datarootdir}/doc/${PACKAGE_TARNAME}'
dvidir='${docdir}'
exec_prefix='${prefix}'
host_alias=''
htmldir='${docdir}'
includedir='${prefix}/include'
infodir='${datarootdir}/info'
install_sh='${SHELL} /home/nodokaha/parser/src/unicode-c/install-sh'
libdir='${exec_prefix}/lib'
libexecdir='${exec_prefix}/libexec'
localedir='${datarootdir}/locale'
localstatedir='${prefix}/var'
mandir='${datarootdir}/man'
mkdir_p='$(MKDIR_P)'
oldincludedir='/usr/include'
pdfdir='${docdir}'
prefix='/usr/local'
program_transform_name='s,x,x,'
psdir='${docdir}'
runstatedir='${localstatedir}/run'
sbindir='${exec_prefix}/sbin'
sharedstatedir='${prefix}/com'
sysconfdir='${prefix}/etc'
target_alias=''

## ----------- ##
## confdefs.h. ##
## ----------- ##

/* confdefs.h */
#define PACKAGE_NAME "FULL-PACKAGE-NAME"
#define PACKAGE_TARNAME "full-package-name"
#define PACKAGE_VERSION "VERSION"
#define PACKAGE_STRING "FULL-PACKAGE-NAME VERSION"
#define PACKAGE_BUGREPORT "BUG-REPORT-ADDRESS"
#define PACKAGE_URL ""
#define PACKAGE "full-package-name"
#define VERSION "VERSION"
#define HAVE_STDIO_H 1
#define HAVE_STDLIB_H 1
#define HAVE_STRING_H 1
#define HAVE_INTTYPES_H 1
#define HAVE_STDINT_H 1
#define HAVE_STRINGS_H 1
#define HAVE_SYS_STAT_H 1
#define HAVE_SYS_TYPES_H 1
#define HAVE_UNISTD_H 1
#define STDC_HEADERS 1
#define HAVE_STDINT_H 1

configure: exit 0

## ---------------------- ##
## Running config.status. ##
## ---------------------- ##

This file was extended by FULL-PACKAGE-NAME config.status VERSION, which was
generated by GNU Autoconf 2.71.  Invocation command line was

  CONFIG_FILES    = 
  CONFIG_HEADERS  = 
  CONFIG_LINKS    = 
  CONFIG_COMMANDS = 
  $ ./config.status 

on nodokaha-nixos

config.status:849: creating Makefile
config.status:849: creating doc/Makefile
config.status:849: creating src/Makefile
config.status:849: creating config.h
config.status:1030: config.h is unchanged
config.status:1078: executing depfiles commands
config.status:1155: cd src       && sed -e '/# am--include-marker/d' Makefile         | make -f - am--depfiles
make[1]: Entering directory '/home/nodokaha/parser/src/unicode-c/src'
make[1]: Nothing to be done for 'am--depfiles'.
make[1]: Leaving directory '/home/nodokaha/parser/src/unicode-c/src'
config.status:1160: $? = 0
